<?xml version="1.0" encoding="UTF-8"?>
<!-- Generated by org.testng.reporters.JUnitReportReporter -->
<testsuite hostname="dell" name="mapsynq_automation.DemoTest" tests="1" failures="0" timestamp="31 Jul 2019 20:55:15 GMT" time="24.417" errors="0">
  <testcase name="ClickandValidateIncident" time="24.417" classname="mapsynq_automation.DemoTest"/>
</testsuite> <!-- mapsynq_automation.DemoTest -->
